2019-09-28 22:01:51: Server starting at port 3000
2019-09-28 22:01:58: Server starting at port 3000
2019-09-28 22:02:00: MongoDB started successful!!
2019-09-28 22:03:33:   <-- GET /
2019-09-28 22:03:33:   --> GET / 200 8ms 21b
2019-09-28 22:03:36:   <-- GET /
2019-09-28 22:03:36:   --> GET / 200 1ms 21b
2019-09-28 22:03:37:   <-- GET /users/
2019-09-28 22:04:05: Server starting at port 3000
2019-09-28 22:04:10: MongoDB started successful!!
2019-09-28 22:05:19: Server starting at port 3000
2019-09-28 22:05:22: MongoDB started successful!!
2019-09-30 02:40:12: Server starting at port 3000
2019-09-30 02:40:13: Server starting at port 3000
2019-09-30 02:40:14: Server starting at port 3000
2019-09-30 02:40:15: Server starting at port 3000
2019-09-30 02:40:16: Server starting at port 3000
2019-09-30 02:40:16: Server starting at port 3000
2019-09-30 02:40:17: Server starting at port 3000
2019-09-30 02:40:18: Server starting at port 3000
2019-09-30 02:40:19: Server starting at port 3000
2019-09-30 02:40:20: Server starting at port 3000
2019-09-30 02:40:21: Server starting at port 3000
2019-09-30 02:40:21: Server starting at port 3000
2019-09-30 02:40:22: Server starting at port 3000
2019-09-30 02:40:23: Server starting at port 3000
2019-09-30 02:40:24: Server starting at port 3000
2019-09-30 02:40:25: Server starting at port 3000
2019-09-30 02:40:25: Server starting at port 3000
2019-09-30 02:40:26: Server starting at port 3000
2019-09-30 02:40:27: Server starting at port 3000
2019-09-30 02:40:28: Server starting at port 3000
2019-09-30 02:40:29: Server starting at port 3000
2019-09-30 02:40:29: Server starting at port 3000
2019-09-30 02:40:30: Server starting at port 3000
2019-09-30 02:40:31: Server starting at port 3000
2019-09-30 02:40:32: Server starting at port 3000
2019-09-30 02:40:32: Server starting at port 3000
2019-09-30 02:40:33: Server starting at port 3000
2019-09-30 02:40:34: Server starting at port 3000
2019-09-30 02:40:35: Server starting at port 3000
2019-09-30 02:40:36: Server starting at port 3000
2019-09-30 02:40:36: Server starting at port 3000
2019-09-30 02:40:37: Server starting at port 3000
2019-09-30 02:40:38: Server starting at port 3000
2019-09-30 02:40:39: Server starting at port 3000
2019-09-30 02:40:40: Server starting at port 3000
2019-09-30 02:40:41: Server starting at port 3000
2019-09-30 02:40:41: Server starting at port 3000
2019-09-30 02:40:42: Server starting at port 3000
2019-09-30 02:40:43: Server starting at port 3000
2019-09-30 02:40:44: Server starting at port 3000
2019-09-30 02:40:45: Server starting at port 3000
2019-09-30 02:40:46: Server starting at port 3000
2019-09-30 02:40:47: Server starting at port 3000
2019-09-30 02:40:48: Server starting at port 3000
2019-09-30 02:40:48: Server starting at port 3000
2019-09-30 02:40:49: Server starting at port 3000
2019-09-30 02:40:50: Server starting at port 3000
2019-09-30 02:40:51: Server starting at port 3000
2019-09-30 02:40:52: Server starting at port 3000
2019-09-30 02:40:52: Server starting at port 3000
2019-09-30 02:40:53: Server starting at port 3000
2019-09-30 02:40:54: Server starting at port 3000
2019-09-30 02:40:55: Server starting at port 3000
2019-09-30 02:40:56: Server starting at port 3000
2019-09-30 02:40:56: Server starting at port 3000
2019-09-30 02:40:57: Server starting at port 3000
2019-09-30 02:40:58: Server starting at port 3000
2019-09-30 02:40:59: Server starting at port 3000
2019-09-30 02:41:00: Server starting at port 3000
2019-09-30 02:41:00: Server starting at port 3000
2019-09-30 02:41:01: Server starting at port 3000
2019-09-30 02:41:02: Server starting at port 3000
2019-09-30 02:41:03: Server starting at port 3000
2019-09-30 02:41:03: Server starting at port 3000
2019-09-30 02:41:05: Server starting at port 3000
2019-09-30 02:41:05: Server starting at port 3000
2019-09-30 02:41:06: Server starting at port 3000
2019-09-30 02:41:07: Server starting at port 3000
2019-09-30 02:41:07: Server starting at port 3000
2019-09-30 02:41:08: Server starting at port 3000
2019-09-30 02:41:09: Server starting at port 3000
2019-09-30 02:41:10: Server starting at port 3000
2019-09-30 02:41:10: Server starting at port 3000
2019-09-30 02:41:11: Server starting at port 3000
2019-09-30 02:41:12: Server starting at port 3000
2019-09-30 02:41:13: Server starting at port 3000
2019-09-30 02:41:13: Server starting at port 3000
2019-09-30 02:41:14: Server starting at port 3000
